Start testing: Jun 06 09:52 CEST
----------------------------------------------------------
1/1 Testing: test_simple_lp_program
1/1 Test: test_simple_lp_program
Command: "/home/floris/github/or-tools_x86_64_Ubuntu-24.04_cpp_v9.12.4544/examples/simple_lp_program/build/bin/simple_lp_program"
Directory: /home/floris/github/or-tools_x86_64_Ubuntu-24.04_cpp_v9.12.4544/examples/simple_lp_program/build
"test_simple_lp_program" start time: Jun 06 09:52 CEST
Output:
----------------------------------------------------------
WARNING: All log messages before absl::InitializeLog() is called are written to STDERR
I0000 00:00:1749196371.939540    7028 simple_lp_program.cc:36] Number of variables = 2
I0000 00:00:1749196371.939691    7028 simple_lp_program.cc:50] Number of constraints = 2
I0000 00:00:1749196371.940129    7028 simple_lp_program.cc:70] Solution:

I0000 00:00:1749196371.940151    7028 simple_lp_program.cc:71] Objective value = 25
I0000 00:00:1749196371.940170    7028 simple_lp_program.cc:72] x = 0
I0000 00:00:1749196371.940173    7028 simple_lp_program.cc:73] y = 2.5
I0000 00:00:1749196371.940175    7028 simple_lp_program.cc:77] 
Advanced usage:
I0000 00:00:1749196371.940177    7028 simple_lp_program.cc:78] Problem solved in 0 milliseconds
I0000 00:00:1749196371.940180    7028 simple_lp_program.cc:79] Problem solved in 0 iterations
<end of output>
Test time =   0.02 sec
----------------------------------------------------------
Test Passed.
"test_simple_lp_program" end time: Jun 06 09:52 CEST
"test_simple_lp_program" time elapsed: 00:00:00
----------------------------------------------------------

End testing: Jun 06 09:52 CEST
