Start testing: Jun 06 09:52 CEST
----------------------------------------------------------
1/1 Testing: test_simple_mip_program
1/1 Test: test_simple_mip_program
Command: "/home/floris/github/or-tools_x86_64_Ubuntu-24.04_cpp_v9.12.4544/examples/simple_mip_program/build/bin/simple_mip_program"
Directory: /home/floris/github/or-tools_x86_64_Ubuntu-24.04_cpp_v9.12.4544/examples/simple_mip_program/build
"test_simple_mip_program" start time: Jun 06 09:52 CEST
Output:
----------------------------------------------------------
WARNING: All log messages before absl::InitializeLog() is called are written to STDERR
I0000 00:00:1749196373.479517    7114 simple_mip_program.cc:39] Number of variables = 2
I0000 00:00:1749196373.479569    7114 simple_mip_program.cc:53] Number of constraints = 2
I0000 00:00:1749196373.479964    7114 simple_mip_program.cc:73] Solution:
I0000 00:00:1749196373.479972    7114 simple_mip_program.cc:74] Objective value = 23
I0000 00:00:1749196373.479979    7114 simple_mip_program.cc:75] x = 3
I0000 00:00:1749196373.479983    7114 simple_mip_program.cc:76] y = 2
I0000 00:00:1749196373.479984    7114 simple_mip_program.cc:80] 
Advanced usage:
I0000 00:00:1749196373.479985    7114 simple_mip_program.cc:81] Problem solved in 1 milliseconds
I0000 00:00:1749196373.479987    7114 simple_mip_program.cc:82] Problem solved in 0 iterations
I0000 00:00:1749196373.479988    7114 simple_mip_program.cc:83] Problem solved in 1 branch-and-bound nodes
<end of output>
Test time =   0.01 sec
----------------------------------------------------------
Test Passed.
"test_simple_mip_program" end time: Jun 06 09:52 CEST
"test_simple_mip_program" time elapsed: 00:00:00
----------------------------------------------------------

End testing: Jun 06 09:52 CEST
